{
  "stats": {
    "suites": 1,
    "tests": 1,
    "passes": 1,
    "pending": 0,
    "failures": 0,
    "start": "2024-12-12T18:35:10.891Z",
    "end": "2024-12-12T18:35:11.124Z",
    "duration": 233,
    "testsRegistered": 1,
    "passPercent": 100,
    "pendingPercent": 0,
    "other": 0,
    "hasOther": false,
    "skipped": 0,
    "hasSkipped": false
  },
  "results": [
    {
      "uuid": "42d0fd18-286e-4b68-9c6e-73ad498579e4",
      "title": "",
      "fullFile": "F:\\Automation Projects\\WithSecure_Assignment\\WithSecure\\test\\triangleCalculationtest.js",
      "file": "\\test\\triangleCalculationtest.js",
      "beforeHooks": [],
      "afterHooks": [],
      "tests": [],
      "suites": [
        {
          "uuid": "8d98e164-6d63-4920-be5a-c291f628f725",
          "title": "Validating GET End point",
          "fullFile": "F:\\Automation Projects\\WithSecure_Assignment\\WithSecure\\test\\triangleCalculationtest.js",
          "file": "\\test\\triangleCalculationtest.js",
          "beforeHooks": [],
          "afterHooks": [],
          "tests": [
            {
              "title": "Retrieve app version with correct url",
              "fullTitle": "Validating GET End point Retrieve app version with correct url",
              "timedOut": false,
              "duration": 200,
              "state": "passed",
              "speed": "slow",
              "pass": true,
              "fail": false,
              "pending": false,
              "context": null,
              "code": "await request.get('/version').then((res) => {\n    expect(res.statusCode).to.equal(200);\n    expect(res.text).to.equal(\"0.0.2\");\n});",
              "err": {},
              "uuid": "af8d8e9a-8e7b-4d1e-9bbe-183f017c091a",
              "parentUUID": "8d98e164-6d63-4920-be5a-c291f628f725",
              "isHook": false,
              "skipped": false
            }
          ],
          "suites": [],
          "passes": [
            "af8d8e9a-8e7b-4d1e-9bbe-183f017c091a"
          ],
          "failures": [],
          "pending": [],
          "skipped": [],
          "duration": 200,
          "root": false,
          "rootEmpty": false,
          "_timeout": 2000
        }
      ],
      "passes": [],
      "failures": [],
      "pending": [],
      "skipped": [],
      "duration": 0,
      "root": true,
      "rootEmpty": true,
      "_timeout": 2000
    }
  ],
  "meta": {
    "mocha": {
      "version": "11.0.1"
    },
    "mochawesome": {
      "options": {
        "quiet": false,
        "reportFilename": "mochawesome",
        "saveHtml": true,
        "saveJson": true,
        "consoleReporter": "spec",
        "useInlineDiffs": false,
        "code": true
      },
      "version": "7.1.3"
    },
    "marge": {
      "options": null,
      "version": "6.2.0"
    }
  }
}