{
  "stats": {
    "suites": 1,
    "tests": 1,
    "passes": 1,
    "pending": 0,
    "failures": 0,
    "start": "2024-12-12T19:08:44.595Z",
    "end": "2024-12-12T19:08:44.874Z",
    "duration": 279,
    "testsRegistered": 1,
    "passPercent": 100,
    "pendingPercent": 0,
    "other": 0,
    "hasOther": false,
    "skipped": 0,
    "hasSkipped": false
  },
  "results": [
    {
      "uuid": "a69ca756-d065-4b4b-b951-52c562ee787c",
      "title": "",
      "fullFile": "F:\\Automation Projects\\WithSecure_Assignment\\WithSecure\\test\\triangleCalculationtest.js",
      "file": "\\test\\triangleCalculationtest.js",
      "beforeHooks": [],
      "afterHooks": [],
      "tests": [],
      "suites": [
        {
          "uuid": "ad0e3d3b-c45e-4247-868a-25e5482821aa",
          "title": "Test Scenarios: Some critical test data (edge cases)",
          "fullFile": "F:\\Automation Projects\\WithSecure_Assignment\\WithSecure\\test\\triangleCalculationtest.js",
          "file": "\\test\\triangleCalculationtest.js",
          "beforeHooks": [],
          "afterHooks": [],
          "tests": [
            {
              "title": "Verify the triangle with boundary side values",
              "fullTitle": "Test Scenarios: Some critical test data (edge cases) Verify the triangle with boundary side values",
              "timedOut": false,
              "duration": 242,
              "state": "passed",
              "speed": "slow",
              "pass": true,
              "fail": false,
              "pending": false,
              "context": null,
              "code": "await request.post('/').send(data[\"with boundary value\"]).then((res) => {\n    expect(res.statusCode).to.equal(200);\n    expect(res.body.result).to.equal(\"This is versatile triangle\");\n});",
              "err": {},
              "uuid": "8278cd25-4247-4c4c-a4e9-4f6014a6439f",
              "parentUUID": "ad0e3d3b-c45e-4247-868a-25e5482821aa",
              "isHook": false,
              "skipped": false
            }
          ],
          "suites": [],
          "passes": [
            "8278cd25-4247-4c4c-a4e9-4f6014a6439f"
          ],
          "failures": [],
          "pending": [],
          "skipped": [],
          "duration": 242,
          "root": false,
          "rootEmpty": false,
          "_timeout": 2000
        }
      ],
      "passes": [],
      "failures": [],
      "pending": [],
      "skipped": [],
      "duration": 0,
      "root": true,
      "rootEmpty": true,
      "_timeout": 2000
    }
  ],
  "meta": {
    "mocha": {
      "version": "11.0.1"
    },
    "mochawesome": {
      "options": {
        "quiet": false,
        "reportFilename": "mochawesome",
        "saveHtml": true,
        "saveJson": true,
        "consoleReporter": "spec",
        "useInlineDiffs": false,
        "code": true
      },
      "version": "7.1.3"
    },
    "marge": {
      "options": null,
      "version": "6.2.0"
    }
  }
}